
##teamcity[testCount count='6' flowId='411413']

##teamcity[testSuiteStarted name='/home/trueleaf/Code/pdf-to-zpl/tests' flowId='411413']

##teamcity[testSuiteStarted name='CanConvertImageTest' locationHint='php_qn:///home/trueleaf/Code/pdf-to-zpl/tests/CanConvertImageTest.php::\CanConvertImageTest' flowId='411413']

##teamcity[testStarted name='testCanConvertDuck' locationHint='php_qn:///home/trueleaf/Code/pdf-to-zpl/tests/CanConvertImageTest.php::\CanConvertImageTest::testCanConvertDuck' flowId='411413']

##teamcity[testFinished name='testCanConvertDuck' duration='228' flowId='411413']

##teamcity[testSuiteFinished name='CanConvertImageTest' flowId='411413']

##teamcity[testSuiteStarted name='CanConvertPdfTest' locationHint='php_qn:///home/trueleaf/Code/pdf-to-zpl/tests/CanConvertPdfTest.php::\CanConvertPdfTest' flowId='411413']

##teamcity[testStarted name='testCanConvertEndiciaPdf' locationHint='php_qn:///home/trueleaf/Code/pdf-to-zpl/tests/CanConvertPdfTest.php::\CanConvertPdfTest::testCanConvertEndiciaPdf' flowId='411413']

##teamcity[testFinished name='testCanConvertEndiciaPdf' duration='1203' flowId='411413']

##teamcity[testStarted name='testCanConvertDonkeyPdf' locationHint='php_qn:///home/trueleaf/Code/pdf-to-zpl/tests/CanConvertPdfTest.php::\CanConvertPdfTest::testCanConvertDonkeyPdf' flowId='411413']

##teamcity[testFinished name='testCanConvertDonkeyPdf' duration='4682' flowId='411413']

##teamcity[testSuiteFinished name='CanConvertPdfTest' flowId='411413']

##teamcity[testSuiteStarted name='CanRotatePdfTest' locationHint='php_qn:///home/trueleaf/Code/pdf-to-zpl/tests/CanRotatePdfTest.php::\CanRotatePdfTest' flowId='411413']

##teamcity[testStarted name='testCanRotateLandscapePdf' locationHint='php_qn:///home/trueleaf/Code/pdf-to-zpl/tests/CanRotatePdfTest.php::\CanRotatePdfTest::testCanRotateLandscapePdf' flowId='411413']

##teamcity[testFinished name='testCanRotateLandscapePdf' duration='1629' flowId='411413']

##teamcity[testSuiteFinished name='CanRotatePdfTest' flowId='411413']

##teamcity[testSuiteStarted name='CanUseFactoryTest' locationHint='php_qn:///home/trueleaf/Code/pdf-to-zpl/tests/CanUseFactoryTest.php::\CanUseFactoryTest' flowId='411413']

##teamcity[testStarted name='testCanUseFactoryForImage' locationHint='php_qn:///home/trueleaf/Code/pdf-to-zpl/tests/CanUseFactoryTest.php::\CanUseFactoryTest::testCanUseFactoryForImage' flowId='411413']

##teamcity[testFinished name='testCanUseFactoryForImage' duration='225' flowId='411413']

##teamcity[testStarted name='testCanUseFactoryForPdf' locationHint='php_qn:///home/trueleaf/Code/pdf-to-zpl/tests/CanUseFactoryTest.php::\CanUseFactoryTest::testCanUseFactoryForPdf' flowId='411413']

##teamcity[testFinished name='testCanUseFactoryForPdf' duration='1218' flowId='411413']

##teamcity[testSuiteFinished name='CanUseFactoryTest' flowId='411413']

##teamcity[testSuiteFinished name='/home/trueleaf/Code/pdf-to-zpl/tests' flowId='411413']
